<?xml version="1.0" encoding="UTF-8"?>
<!-- Generated by org.testng.reporters.JUnitXMLReporter -->
<testsuite ignored="1" hostname="Home" failures="0" tests="2" name="Channels" time="0.014" errors="0" timestamp="2022-10-07T15:07:26 IST">
  <testcase classname="Test.demo4" name="starSuvarna" time="0.005"/>
  <testcase classname="Test.demo4" name="udaya" time="0.002"/>
  <testcase classname="Test.demo4" name="colorsKannada" time="0.0">
    <ignored/>
  </testcase> <!-- colorsKannada -->
</testsuite> <!-- Channels -->
