<?xml version="1.0" encoding="UTF-8"?>
<!-- Generated by org.testng.reporters.JUnitXMLReporter -->
<testsuite ignored="2" hostname="Home" failures="0" tests="2" name="Krishna" time="0.015" errors="0" timestamp="2022-10-07T15:07:26 IST">
  <testcase classname="Test.demo6" name="welcome" time="0.001"/>
  <testcase classname="Test.demo6" name="SrinivaPadhmavathi" time="0.001"/>
  <testcase classname="Test.demo6" name="krishnaRukmini" time="0.0">
    <ignored/>
  </testcase> <!-- krishnaRukmini -->
  <testcase classname="Test.demo6" name="krishnaSathyabhama" time="0.0">
    <ignored/>
  </testcase> <!-- krishnaSathyabhama -->
</testsuite> <!-- Krishna -->
