<?xml version="1.0" encoding="UTF-8"?>
<!-- Generated by org.testng.reporters.JUnitXMLReporter -->
<testsuite ignored="1" hostname="Home" failures="0" tests="3" name="Test" time="0.061" errors="0" timestamp="2022-10-07T15:07:26 IST">
  <testcase classname="Test.demo1" name="d1" time="0.007"/>
  <testcase classname="Test.demo1" name="d2" time="0.002"/>
  <testcase classname="Test.demo2" name="dm2" time="0.002"/>
  <testcase classname="Test.demo2" name="dm3" time="0.0">
    <ignored/>
  </testcase> <!-- dm3 -->
</testsuite> <!-- Test -->
