<?xml version="1.0" encoding="UTF-8"?>
<!-- Generated by org.testng.reporters.JUnitXMLReporter -->
<testsuite ignored="9" hostname="Home" failures="0" tests="3" name="Test2" time="0.077" errors="0" timestamp="2022-10-08T20:50:38 IST">
  <testcase classname="test2.tst1" name="smke" time="0.011"/>
  <testcase classname="test2.tst2" name="smke" time="0.003"/>
  <testcase classname="test2.tst3" name="smke" time="0.002"/>
  <testcase classname="test2.tst1" name="tstd" time="0.0">
    <ignored/>
  </testcase> <!-- tstd -->
  <testcase classname="test2.tst1" name="tstt" time="0.0">
    <ignored/>
  </testcase> <!-- tstt -->
  <testcase classname="test2.tst2" name="dm2" time="0.0">
    <ignored/>
  </testcase> <!-- dm2 -->
  <testcase classname="test2.tst3" name="cls" time="0.0">
    <ignored/>
  </testcase> <!-- cls -->
  <testcase classname="test2.tst3" name="classlevel1" time="0.0">
    <ignored/>
  </testcase> <!-- classlevel1 -->
  <testcase classname="test2.tst2" name="mtd2" time="0.0">
    <ignored/>
  </testcase> <!-- mtd2 -->
  <testcase classname="test2.tst2" name="mtd3" time="0.0">
    <ignored/>
  </testcase> <!-- mtd3 -->
  <testcase classname="test2.tst3" name="classlevel" time="0.0">
    <ignored/>
  </testcase> <!-- classlevel -->
  <testcase classname="test2.tst2" name="mtd1" time="0.0">
    <ignored/>
  </testcase> <!-- mtd1 -->
</testsuite> <!-- Test2 -->
